2016/05/15 0:20:03 にビルドを開始しました。
     1>ノード 2 上のプロジェクト "C:\Users\隆貴\Desktop\Tessellation\GLSLProject\GLSLProject.vcxproj" (Build ターゲット)。
     1>ClCompile:
         C:\Program Files (x86)\Microsoft Visual Studio 12.0\VC\bin\CL.exe /c /ZI /nologo /W3 /WX- /sdl /Od /Oy- /D WIN32 /D _DEBUG /D _CONSOLE /D _LIB /D _UNICODE /D UNICODE /Gm /EHsc /RTC1 /MDd /GS /fp:precise /Zc:wchar_t /Zc:forScope /Fo"Debug\\" /Fd"Debug\vc120.pdb" /Gd /TP /analyze- /errorReport:prompt DDSLoader.cpp GLSLProgram.cpp Main.cpp Mouse.cpp TessTeapot.cpp VBOTeapotPatch.cpp
         VBOTeapotPatch.cpp
         TessTeapot.cpp
         Mouse.cpp
         Main.cpp
         GLSLProgram.cpp
         DDSLoader.cpp
         コードを生成中...
       Link:
         C:\Program Files (x86)\Microsoft Visual Studio 12.0\VC\bin\link.exe /ERRORREPORT:PROMPT /OUT:"C:\Users\隆貴\Desktop\Tessellation\Debug\GLSLProject.exe" /INCREMENTAL /NOLOGO kernel32.lib user32.lib gdi32.lib winspool.lib comdlg32.lib advapi32.lib shell32.lib ole32.lib oleaut32.lib uuid.lib odbc32.lib odbccp32.lib /MANIFEST /MANIFESTUAC:"level='asInvoker' uiAccess='false'" /manifest:embed /DEBUG /PDB:"C:\Users\隆貴\Desktop\Tessellation\Debug\GLSLProject.pdb" /SUBSYSTEM:CONSOLE /TLBID:1 /DYNAMICBASE /NXCOMPAT /IMPLIB:"C:\Users\隆貴\Desktop\Tessellation\Debug\GLSLProject.lib" /MACHINE:X86 Debug\DDSLoader.obj
         Debug\GLSLProgram.obj
         Debug\Main.obj
         Debug\Mouse.obj
         Debug\TessTeapot.obj
         Debug\VBOTeapotPatch.obj
         GLSLProject.vcxproj -> C:\Users\隆貴\Desktop\Tessellation\Debug\GLSLProject.exe
     1>プロジェクト "C:\Users\隆貴\Desktop\Tessellation\GLSLProject\GLSLProject.vcxproj" (Build ターゲット) のビルドが完了しました。

ビルドに成功しました。

経過時間 00:00:11.55
